0 info it worked if it ends with ok
1 verbose cli [ '/Users/toddgroff/.nvm/versions/node/v7.7.1/bin/node',
1 verbose cli   '/Users/toddgroff/.nvm/versions/node/v7.7.1/bin/npm',
1 verbose cli   'run',
1 verbose cli   'start-dev' ]
2 info using npm@4.1.2
3 info using node@v7.7.1
4 verbose run-script [ 'prestart-dev', 'start-dev', 'poststart-dev' ]
5 info lifecycle nasa-flickr@0.1.1~prestart-dev: nasa-flickr@0.1.1
6 silly lifecycle nasa-flickr@0.1.1~prestart-dev: no script for prestart-dev, continuing
7 info lifecycle nasa-flickr@0.1.1~start-dev: nasa-flickr@0.1.1
8 verbose lifecycle nasa-flickr@0.1.1~start-dev: unsafe-perm in lifecycle true
9 verbose lifecycle nasa-flickr@0.1.1~start-dev: PATH: /Users/toddgroff/.nvm/versions/node/v7.7.1/lib/node_modules/npm/bin/node-gyp-bin:/Users/toddgroff/src/nasa-flickr/node_modules/.bin:/Users/toddgroff/.nvm/versions/node/v7.7.1/bin:/usr/local/heroku/bin:/Users/toddgroff/.rbenv/shims:/Users/toddgroff/.rbenv/bin:/usr/local/bin:/usr/bin:/bin:/usr/sbin:/sbin:/usr/local/git/bin
10 verbose lifecycle nasa-flickr@0.1.1~start-dev: CWD: /Users/toddgroff/src/nasa-flickr
11 silly lifecycle nasa-flickr@0.1.1~start-dev: Args: [ '-c', 'npm run build-dev && nodemon server.js' ]
12 silly lifecycle nasa-flickr@0.1.1~start-dev: Returned: code: 1  signal: null
13 info lifecycle nasa-flickr@0.1.1~start-dev: Failed to exec start-dev script
14 verbose stack Error: nasa-flickr@0.1.1 start-dev: `npm run build-dev && nodemon server.js`
14 verbose stack Exit status 1
14 verbose stack     at EventEmitter.<anonymous> (/Users/toddgroff/.nvm/versions/node/v7.7.1/lib/node_modules/npm/lib/utils/lifecycle.js:279:16)
14 verbose stack     at emitTwo (events.js:106:13)
14 verbose stack     at EventEmitter.emit (events.js:194:7)
14 verbose stack     at ChildProcess.<anonymous> (/Users/toddgroff/.nvm/versions/node/v7.7.1/lib/node_modules/npm/lib/utils/spawn.js:40:14)
14 verbose stack     at emitTwo (events.js:106:13)
14 verbose stack     at ChildProcess.emit (events.js:194:7)
14 verbose stack     at maybeClose (internal/child_process.js:899:16)
14 verbose stack     at Process.ChildProcess._handle.onexit (internal/child_process.js:226:5)
15 verbose pkgid nasa-flickr@0.1.1
16 verbose cwd /Users/toddgroff/src/nasa-flickr
17 error Darwin 15.6.0
18 error argv "/Users/toddgroff/.nvm/versions/node/v7.7.1/bin/node" "/Users/toddgroff/.nvm/versions/node/v7.7.1/bin/npm" "run" "start-dev"
19 error node v7.7.1
20 error npm  v4.1.2
21 error code ELIFECYCLE
22 error nasa-flickr@0.1.1 start-dev: `npm run build-dev && nodemon server.js`
22 error Exit status 1
23 error Failed at the nasa-flickr@0.1.1 start-dev script 'npm run build-dev && nodemon server.js'.
23 error Make sure you have the latest version of node.js and npm installed.
23 error If you do, this is most likely a problem with the nasa-flickr package,
23 error not with npm itself.
23 error Tell the author that this fails on your system:
23 error     npm run build-dev && nodemon server.js
23 error You can get information on how to open an issue for this project with:
23 error     npm bugs nasa-flickr
23 error Or if that isn't available, you can get their info via:
23 error     npm owner ls nasa-flickr
23 error There is likely additional logging output above.
24 verbose exit [ 1, true ]
